<?xml version="1.0" encoding="UTF-8"?>
<!-- Generated by org.testng.reporters.JUnitXMLReporter -->
<testsuite hostname="DESKTOP-1PGN30M" ignored="0" name="Add Cust Test" tests="4" failures="0" timestamp="07 Jan 2020 18:21:28 GMT" time="14.087" errors="0">
  <testcase name="testCaseAddCustomerBankManager" time="0.001" classname="com.xyz.testcases.TestCaseAddCustomerBankManager">
    <skipped/>
  </testcase> <!-- testCaseAddCustomerBankManager -->
  <testcase name="testCaseAddCustomerBankManager" time="4.652" classname="com.xyz.testcases.TestCaseAddCustomerBankManager"/>
  <testcase name="testCaseAddCustomerBankManager" time="3.332" classname="com.xyz.testcases.TestCaseAddCustomerBankManager"/>
  <testcase name="testCaseAddCustomerBankManager" time="3.318" classname="com.xyz.testcases.TestCaseAddCustomerBankManager"/>
</testsuite> <!-- Add Cust Test -->
