<?xml version="1.0" encoding="UTF-8"?>
<testng-results skipped="1" failed="0" ignored="0" total="5" passed="4">
  <reporter-output>
    <line>
      <![CDATA[<a  target="_blank" href="E:\TestDataDrivenFramework\Way2Automation\TestcaseScreenshot\TestCaseBankManagerLogin\07 01 2020 11 51 12.png"> Click here to see screenshot </a>]]>
    </line>
    <line>
      <![CDATA[<br>]]>
    </line>
    <line>
      <![CDATA[<br>]]>
    </line>
    <line>
      <![CDATA[<a target="_blank" href="E:\TestDataDrivenFramework\Way2Automation\TestcaseScreenshot\TestCaseBankManagerLogin\07 01 2020 11 51 12.png"><img src="E:\TestDataDrivenFramework\Way2Automation\TestcaseScreenshot\TestCaseBankManagerLogin\07 01 2020 11 51 12.png" height=200 width=200></img></a>]]>
    </line>
    <line>
      <![CDATA[<a  target="_blank" href="E:\TestDataDrivenFramework\Way2Automation\TestcaseScreenshot\testCaseAddCustomerBankManager\07 01 2020 11 51 19.png"> Click here to see screenshot </a>]]>
    </line>
    <line>
      <![CDATA[<br>]]>
    </line>
    <line>
      <![CDATA[<br>]]>
    </line>
    <line>
      <![CDATA[<a target="_blank" href="E:\TestDataDrivenFramework\Way2Automation\TestcaseScreenshot\testCaseAddCustomerBankManager\07 01 2020 11 51 19.png"><img src="E:\TestDataDrivenFramework\Way2Automation\TestcaseScreenshot\testCaseAddCustomerBankManager\07 01 2020 11 51 19.png" height=200 width=200></img></a>]]>
    </line>
    <line>
      <![CDATA[<a  target="_blank" href="E:\TestDataDrivenFramework\Way2Automation\TestcaseScreenshot\testCaseAddCustomerBankManager\07 01 2020 11 51 23.png"> Click here to see screenshot </a>]]>
    </line>
    <line>
      <![CDATA[<br>]]>
    </line>
    <line>
      <![CDATA[<br>]]>
    </line>
    <line>
      <![CDATA[<a target="_blank" href="E:\TestDataDrivenFramework\Way2Automation\TestcaseScreenshot\testCaseAddCustomerBankManager\07 01 2020 11 51 23.png"><img src="E:\TestDataDrivenFramework\Way2Automation\TestcaseScreenshot\testCaseAddCustomerBankManager\07 01 2020 11 51 23.png" height=200 width=200></img></a>]]>
    </line>
    <line>
      <![CDATA[<a  target="_blank" href="E:\TestDataDrivenFramework\Way2Automation\TestcaseScreenshot\testCaseAddCustomerBankManager\07 01 2020 11 51 27.png"> Click here to see screenshot </a>]]>
    </line>
    <line>
      <![CDATA[<br>]]>
    </line>
    <line>
      <![CDATA[<br>]]>
    </line>
    <line>
      <![CDATA[<a target="_blank" href="E:\TestDataDrivenFramework\Way2Automation\TestcaseScreenshot\testCaseAddCustomerBankManager\07 01 2020 11 51 27.png"><img src="E:\TestDataDrivenFramework\Way2Automation\TestcaseScreenshot\testCaseAddCustomerBankManager\07 01 2020 11 51 27.png" height=200 width=200></img></a>]]>
    </line>
  </reporter-output>
  <suite name="Data driven basic" duration-ms="19274" started-at="2020-01-07T18:21:09Z" finished-at="2020-01-07T18:21:28Z">
    <groups>
    </groups>
    <test name="Login Test" duration-ms="4882" started-at="2020-01-07T18:21:09Z" finished-at="2020-01-07T18:21:14Z">
      <class name="com.xyz.testcases.TestCaseBankManagerLogin">
        <test-method status="PASS" signature="TestCaseBankManagerLogin()[pri:0, instance:com.xyz.testcases.TestCaseBankManagerLogin@7bedc48a]" name="TestCaseBankManagerLogin" duration-ms="3209" started-at="2020-01-07T23:51:09Z" finished-at="2020-01-07T23:51:12Z">
          <reporter-output>
            <line>
              <![CDATA[<a  target="_blank" href="E:\TestDataDrivenFramework\Way2Automation\TestcaseScreenshot\TestCaseBankManagerLogin\07 01 2020 11 51 12.png"> Click here to see screenshot </a>]]>
            </line>
            <line>
              <![CDATA[<br>]]>
            </line>
            <line>
              <![CDATA[<br>]]>
            </line>
            <line>
              <![CDATA[<a target="_blank" href="E:\TestDataDrivenFramework\Way2Automation\TestcaseScreenshot\TestCaseBankManagerLogin\07 01 2020 11 51 12.png"><img src="E:\TestDataDrivenFramework\Way2Automation\TestcaseScreenshot\TestCaseBankManagerLogin\07 01 2020 11 51 12.png" height=200 width=200></img></a>]]>
            </line>
          </reporter-output>
        </test-method> <!-- TestCaseBankManagerLogin -->
      </class> <!-- com.xyz.testcases.TestCaseBankManagerLogin -->
    </test> <!-- Login Test -->
    <test name="Add Cust Test" duration-ms="14087" started-at="2020-01-07T18:21:14Z" finished-at="2020-01-07T18:21:28Z">
      <class name="com.xyz.testcases.TestCaseAddCustomerBankManager">
        <test-method status="PASS" signature="setup()[pri:0, instance:com.xyz.testcases.TestCaseAddCustomerBankManager@13b6aecc]" name="setup" is-config="true" duration-ms="27328" started-at="2020-01-07T23:50:41Z" finished-at="2020-01-07T23:51:09Z">
          <reporter-output>
          </reporter-output>
        </test-method> <!-- setup -->
        <test-method status="SKIP" signature="testCaseAddCustomerBankManager(java.lang.String, java.lang.String, java.lang.String, java.lang.String, java.lang.String)[pri:0, instance:com.xyz.testcases.TestCaseAddCustomerBankManager@13b6aecc]" name="testCaseAddCustomerBankManager" duration-ms="1" started-at="2020-01-07T23:51:14Z" data-provider="dp" finished-at="2020-01-07T23:51:14Z">
          <params>
            <param index="0">
              <value>
                <![CDATA[Nikhil]]>
              </value>
            </param>
            <param index="1">
              <value>
                <![CDATA[Dubey]]>
              </value>
            </param>
            <param index="2">
              <value>
                <![CDATA[NR11QH]]>
              </value>
            </param>
            <param index="3">
              <value>
                <![CDATA[Customer added successfully]]>
              </value>
            </param>
            <param index="4">
              <value>
                <![CDATA[N]]>
              </value>
            </param>
          </params>
          <exception class="org.testng.SkipException">
            <message>
              <![CDATA[Skipping the testcase as the run mode for data set is NO]]>
            </message>
            <full-stacktrace>
              <![CDATA[org.testng.SkipException: Skipping the testcase as the run mode for data set is NO
	at com.xyz.testcases.TestCaseAddCustomerBankManager.testCaseAddCustomerBankManager(TestCaseAddCustomerBankManager.java:29)
	at sun.reflect.NativeMethodAccessorImpl.invoke0(Native Method)
	at sun.reflect.NativeMethodAccessorImpl.invoke(NativeMethodAccessorImpl.java:62)
	at sun.reflect.DelegatingMethodAccessorImpl.invoke(DelegatingMethodAccessorImpl.java:43)
	at java.lang.reflect.Method.invoke(Method.java:498)
	at org.testng.internal.MethodInvocationHelper.invokeMethod(MethodInvocationHelper.java:108)
	at org.testng.internal.Invoker.invokeMethod(Invoker.java:661)
	at org.testng.internal.Invoker.invokeTestMethod(Invoker.java:869)
	at org.testng.internal.Invoker.invokeTestMethods(Invoker.java:1193)
	at org.testng.internal.TestMethodWorker.invokeTestMethods(TestMethodWorker.java:126)
	at org.testng.internal.TestMethodWorker.run(TestMethodWorker.java:109)
	at org.testng.TestRunner.privateRun(TestRunner.java:744)
	at org.testng.TestRunner.run(TestRunner.java:602)
	at org.testng.SuiteRunner.runTest(SuiteRunner.java:380)
	at org.testng.SuiteRunner.runSequentially(SuiteRunner.java:375)
	at org.testng.SuiteRunner.privateRun(SuiteRunner.java:340)
	at org.testng.SuiteRunner.run(SuiteRunner.java:289)
	at org.testng.SuiteRunnerWorker.runSuite(SuiteRunnerWorker.java:52)
	at org.testng.SuiteRunnerWorker.run(SuiteRunnerWorker.java:86)
	at org.testng.TestNG.runSuitesSequentially(TestNG.java:1301)
	at org.testng.TestNG.runSuitesLocally(TestNG.java:1226)
	at org.testng.TestNG.runSuites(TestNG.java:1144)
	at org.testng.TestNG.run(TestNG.java:1115)
	at org.apache.maven.surefire.testng.TestNGExecutor.run(TestNGExecutor.java:283)
	at org.apache.maven.surefire.testng.TestNGXmlTestSuite.execute(TestNGXmlTestSuite.java:75)
	at org.apache.maven.surefire.testng.TestNGProvider.invoke(TestNGProvider.java:120)
	at org.apache.maven.surefire.booter.ForkedBooter.invokeProviderInSameClassLoader(ForkedBooter.java:373)
	at org.apache.maven.surefire.booter.ForkedBooter.runSuitesInProcess(ForkedBooter.java:334)
	at org.apache.maven.surefire.booter.ForkedBooter.execute(ForkedBooter.java:119)
	at org.apache.maven.surefire.booter.ForkedBooter.main(ForkedBooter.java:407)
]]>
            </full-stacktrace>
          </exception> <!-- org.testng.SkipException -->
          <reporter-output>
          </reporter-output>
        </test-method> <!-- testCaseAddCustomerBankManager -->
        <test-method status="PASS" signature="testCaseAddCustomerBankManager(java.lang.String, java.lang.String, java.lang.String, java.lang.String, java.lang.String)[pri:0, instance:com.xyz.testcases.TestCaseAddCustomerBankManager@13b6aecc]" name="testCaseAddCustomerBankManager" duration-ms="4652" started-at="2020-01-07T23:51:14Z" data-provider="dp" finished-at="2020-01-07T23:51:19Z">
          <params>
            <param index="0">
              <value>
                <![CDATA[Rahul]]>
              </value>
            </param>
            <param index="1">
              <value>
                <![CDATA[Arora]]>
              </value>
            </param>
            <param index="2">
              <value>
                <![CDATA[A234wd]]>
              </value>
            </param>
            <param index="3">
              <value>
                <![CDATA[Customer added successfully]]>
              </value>
            </param>
            <param index="4">
              <value>
                <![CDATA[Y]]>
              </value>
            </param>
          </params>
          <reporter-output>
            <line>
              <![CDATA[<a  target="_blank" href="E:\TestDataDrivenFramework\Way2Automation\TestcaseScreenshot\testCaseAddCustomerBankManager\07 01 2020 11 51 19.png"> Click here to see screenshot </a>]]>
            </line>
            <line>
              <![CDATA[<br>]]>
            </line>
            <line>
              <![CDATA[<br>]]>
            </line>
            <line>
              <![CDATA[<a target="_blank" href="E:\TestDataDrivenFramework\Way2Automation\TestcaseScreenshot\testCaseAddCustomerBankManager\07 01 2020 11 51 19.png"><img src="E:\TestDataDrivenFramework\Way2Automation\TestcaseScreenshot\testCaseAddCustomerBankManager\07 01 2020 11 51 19.png" height=200 width=200></img></a>]]>
            </line>
          </reporter-output>
        </test-method> <!-- testCaseAddCustomerBankManager -->
        <test-method status="PASS" signature="testCaseAddCustomerBankManager(java.lang.String, java.lang.String, java.lang.String, java.lang.String, java.lang.String)[pri:0, instance:com.xyz.testcases.TestCaseAddCustomerBankManager@13b6aecc]" name="testCaseAddCustomerBankManager" duration-ms="3332" started-at="2020-01-07T23:51:20Z" data-provider="dp" finished-at="2020-01-07T23:51:23Z">
          <params>
            <param index="0">
              <value>
                <![CDATA[Ishita]]>
              </value>
            </param>
            <param index="1">
              <value>
                <![CDATA[Arora]]>
              </value>
            </param>
            <param index="2">
              <value>
                <![CDATA[A234wd]]>
              </value>
            </param>
            <param index="3">
              <value>
                <![CDATA[Customer added successfully]]>
              </value>
            </param>
            <param index="4">
              <value>
                <![CDATA[Y]]>
              </value>
            </param>
          </params>
          <reporter-output>
            <line>
              <![CDATA[<a  target="_blank" href="E:\TestDataDrivenFramework\Way2Automation\TestcaseScreenshot\testCaseAddCustomerBankManager\07 01 2020 11 51 23.png"> Click here to see screenshot </a>]]>
            </line>
            <line>
              <![CDATA[<br>]]>
            </line>
            <line>
              <![CDATA[<br>]]>
            </line>
            <line>
              <![CDATA[<a target="_blank" href="E:\TestDataDrivenFramework\Way2Automation\TestcaseScreenshot\testCaseAddCustomerBankManager\07 01 2020 11 51 23.png"><img src="E:\TestDataDrivenFramework\Way2Automation\TestcaseScreenshot\testCaseAddCustomerBankManager\07 01 2020 11 51 23.png" height=200 width=200></img></a>]]>
            </line>
          </reporter-output>
        </test-method> <!-- testCaseAddCustomerBankManager -->
        <test-method status="PASS" signature="testCaseAddCustomerBankManager(java.lang.String, java.lang.String, java.lang.String, java.lang.String, java.lang.String)[pri:0, instance:com.xyz.testcases.TestCaseAddCustomerBankManager@13b6aecc]" name="testCaseAddCustomerBankManager" duration-ms="3318" started-at="2020-01-07T23:51:24Z" data-provider="dp" finished-at="2020-01-07T23:51:27Z">
          <params>
            <param index="0">
              <value>
                <![CDATA[Rohit]]>
              </value>
            </param>
            <param index="1">
              <value>
                <![CDATA[Sehgal]]>
              </value>
            </param>
            <param index="2">
              <value>
                <![CDATA[A234wd]]>
              </value>
            </param>
            <param index="3">
              <value>
                <![CDATA[Customer added successfully]]>
              </value>
            </param>
            <param index="4">
              <value>
                <![CDATA[Y]]>
              </value>
            </param>
          </params>
          <reporter-output>
            <line>
              <![CDATA[<a  target="_blank" href="E:\TestDataDrivenFramework\Way2Automation\TestcaseScreenshot\testCaseAddCustomerBankManager\07 01 2020 11 51 27.png"> Click here to see screenshot </a>]]>
            </line>
            <line>
              <![CDATA[<br>]]>
            </line>
            <line>
              <![CDATA[<br>]]>
            </line>
            <line>
              <![CDATA[<a target="_blank" href="E:\TestDataDrivenFramework\Way2Automation\TestcaseScreenshot\testCaseAddCustomerBankManager\07 01 2020 11 51 27.png"><img src="E:\TestDataDrivenFramework\Way2Automation\TestcaseScreenshot\testCaseAddCustomerBankManager\07 01 2020 11 51 27.png" height=200 width=200></img></a>]]>
            </line>
          </reporter-output>
        </test-method> <!-- testCaseAddCustomerBankManager -->
        <test-method status="PASS" signature="tearDown()[pri:0, instance:com.xyz.testcases.TestCaseAddCustomerBankManager@13b6aecc]" name="tearDown" is-config="true" duration-ms="1201" started-at="2020-01-07T23:51:28Z" finished-at="2020-01-07T23:51:30Z">
          <reporter-output>
          </reporter-output>
        </test-method> <!-- tearDown -->
      </class> <!-- com.xyz.testcases.TestCaseAddCustomerBankManager -->
    </test> <!-- Add Cust Test -->
  </suite> <!-- Data driven basic -->
</testng-results>
